<?xml version="1.0" encoding="UTF-8"?>
<!-- Generated by org.testng.reporters.JUnitReportReporter -->
<testsuite skipped="0" hostname="Rahul07" name="RoughWork.ListenerDemo" tests="3" failures="0" timestamp="16 Oct 2018 09:47:08 GMT" time="0.033" errors="0">
  <testcase name="Test2" time="0.004" classname="RoughWork.ListenerDemo"/>
  <testcase name="Test1" time="0.026" classname="RoughWork.ListenerDemo"/>
  <testcase name="Test3" time="0.003" classname="RoughWork.ListenerDemo"/>
</testsuite> <!-- RoughWork.ListenerDemo -->
